<?xml version="1.0" encoding="UTF-8"?>
<!DOCTYPE html PUBLIC "-//W3C//DTD XHTML 1.0 Strict//EN" "http://www.w3.org/TR/xhtml1/DTD/xhtml1-strict.dtd">
<html xmlns="http://www.w3.org/1999/xhtml">
<head>
    <title>Unit Test Report</title>
    <meta name="generator" content="HTMLTestRunner 0.8.2"/>
    <meta http-equiv="Content-Type" content="text/html; charset=UTF-8"/>
    
<style type="text/css" media="screen">
body        { font-family: verdana, arial, helvetica, sans-serif; font-size: 80%; }
table       { font-size: 100%; }
pre         { }

/* -- heading ---------------------------------------------------------------------- */
h1 {
	font-size: 16pt;
	color: gray;
}
.heading {
    margin-top: 0ex;
    margin-bottom: 1ex;
}

.heading .attribute {
    margin-top: 1ex;
    margin-bottom: 0;
}

.heading .description {
    margin-top: 4ex;
    margin-bottom: 6ex;
}

/* -- css div popup ------------------------------------------------------------------------ */
a.popup_link {
}

a.popup_link:hover {
    color: red;
}

.popup_window {
    display: none;
    position: relative;
    left: 0px;
    top: 0px;
    /*border: solid #627173 1px; */
    padding: 10px;
    background-color: #E6E6D6;
    font-family: "Lucida Console", "Courier New", Courier, monospace;
    text-align: left;
    font-size: 8pt;
    width: 500px;
}

}
/* -- report ------------------------------------------------------------------------ */
#show_detail_line {
    margin-top: 3ex;
    margin-bottom: 1ex;
}
#result_table {
    width: 80%;
    border-collapse: collapse;
    border: 1px solid #777;
}
#header_row {
    font-weight: bold;
    color: white;
    background-color: #777;
}
#result_table td {
    border: 1px solid #777;
    padding: 2px;
}
#total_row  { font-weight: bold; }
.passClass  { background-color: #6c6; }
.failClass  { background-color: #c60; }
.errorClass { background-color: #c00; }
.passCase   { color: #6c6; }
.failCase   { color: #c60; font-weight: bold; }
.errorCase  { color: #c00; font-weight: bold; }
.hiddenRow  { display: none; }
.testcase   { margin-left: 2em; }


/* -- ending ---------------------------------------------------------------------- */
#ending {
}

</style>

</head>
<body>
<script language="javascript" type="text/javascript"><!--
output_list = Array();

/* level - 0:Summary; 1:Failed; 2:All */
function showCase(level) {
    trs = document.getElementsByTagName("tr");
    for (var i = 0; i < trs.length; i++) {
        tr = trs[i];
        id = tr.id;
        if (id.substr(0,2) == 'ft') {
            if (level < 1) {
                tr.className = 'hiddenRow';
            }
            else {
                tr.className = '';
            }
        }
        if (id.substr(0,2) == 'pt') {
            if (level > 1) {
                tr.className = '';
            }
            else {
                tr.className = 'hiddenRow';
            }
        }
    }
}


function showClassDetail(cid, count) {
    var id_list = Array(count);
    var toHide = 1;
    for (var i = 0; i < count; i++) {
        tid0 = 't' + cid.substr(1) + '.' + (i+1);
        tid = 'f' + tid0;
        tr = document.getElementById(tid);
        if (!tr) {
            tid = 'p' + tid0;
            tr = document.getElementById(tid);
        }
        id_list[i] = tid;
        if (tr.className) {
            toHide = 0;
        }
    }
    for (var i = 0; i < count; i++) {
        tid = id_list[i];
        if (toHide) {
            document.getElementById('div_'+tid).style.display = 'none'
            document.getElementById(tid).className = 'hiddenRow';
        }
        else {
            document.getElementById(tid).className = '';
        }
    }
}


function showTestDetail(div_id){
    var details_div = document.getElementById(div_id)
    var displayState = details_div.style.display
    // alert(displayState)
    if (displayState != 'block' ) {
        displayState = 'block'
        details_div.style.display = 'block'
    }
    else {
        details_div.style.display = 'none'
    }
}


function html_escape(s) {
    s = s.replace(/&/g,'&amp;');
    s = s.replace(/</g,'&lt;');
    s = s.replace(/>/g,'&gt;');
    return s;
}

/* obsoleted by detail in <div>
function showOutput(id, name) {
    var w = window.open("", //url
                    name,
                    "resizable,scrollbars,status,width=800,height=450");
    d = w.document;
    d.write("<pre>");
    d.write(html_escape(output_list[id]));
    d.write("\n");
    d.write("<a href='javascript:window.close()'>close</a>\n");
    d.write("</pre>\n");
    d.close();
}
*/
--></script>

<div class='heading'>
<h1>Unit Test Report</h1>
<p class='attribute'><strong>Start Time:</strong> 2020-05-22 14:01:30</p>
<p class='attribute'><strong>Duration:</strong> 0:18:20.436941</p>
<p class='attribute'><strong>Status:</strong> Pass 21 Failure 1 Error 6</p>

<p class='description'></p>
</div>



<p id='show_detail_line'>Show
<a href='javascript:showCase(0)'>Summary</a>
<a href='javascript:showCase(1)'>Failed</a>
<a href='javascript:showCase(2)'>All</a>
</p>
<table id='result_table'>
<colgroup>
<col align='left' />
<col align='right' />
<col align='right' />
<col align='right' />
<col align='right' />
<col align='right' />
</colgroup>
<tr id='header_row'>
    <td>Test Group/Test case</td>
    <td>Count</td>
    <td>Pass</td>
    <td>Fail</td>
    <td>Error</td>
    <td>View</td>
</tr>

<tr class='passClass'>
    <td>WoniuBoss_GUI_Test.case.Login_Test.Login_Test.L_Test</td>
    <td>5</td>
    <td>5</td>
    <td>0</td>
    <td>0</td>
    <td><a href="javascript:showClassDetail('c1',5)">Detail</a></td>
</tr>

<tr id='pt1.1' class='hiddenRow'>
    <td class='none'><div class='testcase'>test_login_0_WNCD000</div></td>
    <td colspan='5' align='center'>pass</td>
</tr>

<tr id='pt1.2' class='hiddenRow'>
    <td class='none'><div class='testcase'>test_login_1_</div></td>
    <td colspan='5' align='center'>pass</td>
</tr>

<tr id='pt1.3' class='hiddenRow'>
    <td class='none'><div class='testcase'>test_login_2_WNCD000</div></td>
    <td colspan='5' align='center'>pass</td>
</tr>

<tr id='pt1.4' class='hiddenRow'>
    <td class='none'><div class='testcase'>test_login_3_WNCD111</div></td>
    <td colspan='5' align='center'>pass</td>
</tr>

<tr id='pt1.5' class='hiddenRow'>
    <td class='none'><div class='testcase'>test_login_4_WNCD000</div></td>
    <td colspan='5' align='center'>pass</td>
</tr>

<tr class='failClass'>
    <td>WoniuBoss_GUI_Test.case.ClassServiceManagement_Test.ClassManagement_Test.CM_Test</td>
    <td>4</td>
    <td>3</td>
    <td>1</td>
    <td>0</td>
    <td><a href="javascript:showClassDetail('c2',4)">Detail</a></td>
</tr>

<tr id='pt2.1' class='hiddenRow'>
    <td class='none'><div class='testcase'>test_CSM_add_0_WNCD003</div></td>
    <td colspan='5' align='center'>pass</td>
</tr>

<tr id='ft2.2' class='none'>
    <td class='failCase'><div class='testcase'>test_CSM_add_1_123</div></td>
    <td colspan='5' align='center'>

    <!--css div popup start-->
    <a class="popup_link" onfocus='this.blur();' href="javascript:showTestDetail('div_ft2.2')" >
        fail</a>

    <div id='div_ft2.2' class="popup_window">
        <div style='text-align: right; color:red;cursor:pointer'>
        <a onfocus='this.blur();' onclick="document.getElementById('div_ft2.2').style.display = 'none' " >
           [x]</a>
        </div>
        <pre>
        
ft2.2: Traceback (most recent call last):
  File "D:\Python\lib\site-packages\parameterized\parameterized.py", line 518, in standalone_func
    return func(*(a + p.args), **p.kwargs)
  File "D:\PyProject\WoniuBoss_GUI_Test\case\ClassServiceManagement_Test\ClassManagement_Test.py", line 70, in test_CSM_add
    cls.assertEqual(add_actual, addclass_data['expect'])
AssertionError: 'add_pass' != 'add_fail'
- add_pass
+ add_fail

Traceback (most recent call last):
  File "D:\Python\lib\site-packages\parameterized\parameterized.py", line 518, in standalone_func
    return func(*(a + p.args), **p.kwargs)
  File "D:\PyProject\WoniuBoss_GUI_Test\case\ClassServiceManagement_Test\ClassManagement_Test.py", line 70, in test_CSM_add
    cls.assertEqual(add_actual, addclass_data['expect'])
AssertionError: 'add_pass' != 'add_fail'
- add_pass
+ add_fail



        </pre>
    </div>
    <!--css div popup end-->

    </td>
</tr>

<tr id='pt2.3' class='hiddenRow'>
    <td class='none'><div class='testcase'>test_CSM_query_0__</div></td>
    <td colspan='5' align='center'>pass</td>
</tr>

<tr id='pt2.4' class='hiddenRow'>
    <td class='none'><div class='testcase'>test_CSM_query_1__</div></td>
    <td colspan='5' align='center'>pass</td>
</tr>

<tr class='passClass'>
    <td>WoniuBoss_GUI_Test.case.ClassServiceManagement_Test.StudentSginIn_Test.SSI_Test</td>
    <td>6</td>
    <td>6</td>
    <td>0</td>
    <td>0</td>
    <td><a href="javascript:showClassDetail('c3',6)">Detail</a></td>
</tr>

<tr id='pt3.1' class='hiddenRow'>
    <td class='none'><div class='testcase'>test_SSI_0__</div></td>
    <td colspan='5' align='center'>pass</td>
</tr>

<tr id='pt3.2' class='hiddenRow'>
    <td class='none'><div class='testcase'>test_SSI_1__</div></td>
    <td colspan='5' align='center'>pass</td>
</tr>

<tr id='pt3.3' class='hiddenRow'>
    <td class='none'><div class='testcase'>test_SSI_Bactch_0__</div></td>
    <td colspan='5' align='center'>

    <!--css div popup start-->
    <a class="popup_link" onfocus='this.blur();' href="javascript:showTestDetail('div_pt3.3')" >
        pass</a>

    <div id='div_pt3.3' class="popup_window">
        <div style='text-align: right; color:red;cursor:pointer'>
        <a onfocus='this.blur();' onclick="document.getElementById('div_pt3.3').style.display = 'none' " >
           [x]</a>
        </div>
        <pre>
        
pt3.3: 

        </pre>
    </div>
    <!--css div popup end-->

    </td>
</tr>

<tr id='pt3.4' class='hiddenRow'>
    <td class='none'><div class='testcase'>test_SSI_Return_0__</div></td>
    <td colspan='5' align='center'>pass</td>
</tr>

<tr id='pt3.5' class='hiddenRow'>
    <td class='none'><div class='testcase'>test_SSI_query_0__06</div></td>
    <td colspan='5' align='center'>pass</td>
</tr>

<tr id='pt3.6' class='hiddenRow'>
    <td class='none'><div class='testcase'>test_SSI_query_tow_0__</div></td>
    <td colspan='5' align='center'>pass</td>
</tr>

<tr class='errorClass'>
    <td>WoniuBoss_GUI_Test.case.ClassServiceManagement_Test.StudentLeave_Test.SL_Test</td>
    <td>9</td>
    <td>6</td>
    <td>0</td>
    <td>3</td>
    <td><a href="javascript:showClassDetail('c4',9)">Detail</a></td>
</tr>

<tr id='pt4.1' class='hiddenRow'>
    <td class='none'><div class='testcase'>test_CSM_add_0__</div></td>
    <td colspan='5' align='center'>pass</td>
</tr>

<tr id='ft4.2' class='none'>
    <td class='errorCase'><div class='testcase'>test_CSM_add_1__</div></td>
    <td colspan='5' align='center'>

    <!--css div popup start-->
    <a class="popup_link" onfocus='this.blur();' href="javascript:showTestDetail('div_ft4.2')" >
        error</a>

    <div id='div_ft4.2' class="popup_window">
        <div style='text-align: right; color:red;cursor:pointer'>
        <a onfocus='this.blur();' onclick="document.getElementById('div_ft4.2').style.display = 'none' " >
           [x]</a>
        </div>
        <pre>
        
ft4.2: Traceback (most recent call last):
  File "D:\PyProject\WoniuBoss_GUI_Test\case\ClassServiceManagement_Test\StudentLeave_Test.py", line 50, in setUp
    Service.open_module_connect_zz(cls.driver, info)
  File "D:\PyProject\WoniuBoss_GUI_Test\tools\service.py", line 151, in open_module_connect_zz
    L_Action(driver).click_decode()
  File "D:\PyProject\WoniuBoss_GUI_Test\lib\Login\Login_Action.py", line 44, in click_decode
    self.driver.find_element_by_id('btn-decrypt').click()
  File "D:\Python\lib\site-packages\selenium-3.141.0-py3.6.egg\selenium\webdriver\remote\webdriver.py", line 360, in find_element_by_id
    return self.find_element(by=By.ID, value=id_)
  File "D:\Python\lib\site-packages\selenium-3.141.0-py3.6.egg\selenium\webdriver\remote\webdriver.py", line 978, in find_element
    'value': value})['value']
  File "D:\Python\lib\site-packages\selenium-3.141.0-py3.6.egg\selenium\webdriver\remote\webdriver.py", line 321, in execute
    self.error_handler.check_response(response)
  File "D:\Python\lib\site-packages\selenium-3.141.0-py3.6.egg\selenium\webdriver\remote\errorhandler.py", line 242, in check_response
    raise exception_class(message, screen, stacktrace)
selenium.common.exceptions.NoSuchElementException: Message: Unable to locate element: [id="btn-decrypt"]

Traceback (most recent call last):
  File "D:\PyProject\WoniuBoss_GUI_Test\case\ClassServiceManagement_Test\StudentLeave_Test.py", line 50, in setUp
    Service.open_module_connect_zz(cls.driver, info)
  File "D:\PyProject\WoniuBoss_GUI_Test\tools\service.py", line 151, in open_module_connect_zz
    L_Action(driver).click_decode()
  File "D:\PyProject\WoniuBoss_GUI_Test\lib\Login\Login_Action.py", line 44, in click_decode
    self.driver.find_element_by_id('btn-decrypt').click()
  File "D:\Python\lib\site-packages\selenium-3.141.0-py3.6.egg\selenium\webdriver\remote\webdriver.py", line 360, in find_element_by_id
    return self.find_element(by=By.ID, value=id_)
  File "D:\Python\lib\site-packages\selenium-3.141.0-py3.6.egg\selenium\webdriver\remote\webdriver.py", line 978, in find_element
    'value': value})['value']
  File "D:\Python\lib\site-packages\selenium-3.141.0-py3.6.egg\selenium\webdriver\remote\webdriver.py", line 321, in execute
    self.error_handler.check_response(response)
  File "D:\Python\lib\site-packages\selenium-3.141.0-py3.6.egg\selenium\webdriver\remote\errorhandler.py", line 242, in check_response
    raise exception_class(message, screen, stacktrace)
selenium.common.exceptions.NoSuchElementException: Message: Unable to locate element: [id="btn-decrypt"]



        </pre>
    </div>
    <!--css div popup end-->

    </td>
</tr>

<tr id='ft4.3' class='none'>
    <td class='errorCase'><div class='testcase'>test_CSM_edit_0__</div></td>
    <td colspan='5' align='center'>

    <!--css div popup start-->
    <a class="popup_link" onfocus='this.blur();' href="javascript:showTestDetail('div_ft4.3')" >
        error</a>

    <div id='div_ft4.3' class="popup_window">
        <div style='text-align: right; color:red;cursor:pointer'>
        <a onfocus='this.blur();' onclick="document.getElementById('div_ft4.3').style.display = 'none' " >
           [x]</a>
        </div>
        <pre>
        
ft4.3: Traceback (most recent call last):
  File "D:\Python\lib\site-packages\parameterized\parameterized.py", line 518, in standalone_func
    return func(*(a + p.args), **p.kwargs)
  File "D:\PyProject\WoniuBoss_GUI_Test\case\ClassServiceManagement_Test\StudentLeave_Test.py", line 132, in test_CSM_edit
    ('//*[@id="leave-table"]/tbody/tr[3]/td[3]').text
  File "D:\Python\lib\site-packages\selenium-3.141.0-py3.6.egg\selenium\webdriver\remote\webdriver.py", line 394, in find_element_by_xpath
    return self.find_element(by=By.XPATH, value=xpath)
  File "D:\Python\lib\site-packages\selenium-3.141.0-py3.6.egg\selenium\webdriver\remote\webdriver.py", line 978, in find_element
    'value': value})['value']
  File "D:\Python\lib\site-packages\selenium-3.141.0-py3.6.egg\selenium\webdriver\remote\webdriver.py", line 321, in execute
    self.error_handler.check_response(response)
  File "D:\Python\lib\site-packages\selenium-3.141.0-py3.6.egg\selenium\webdriver\remote\errorhandler.py", line 242, in check_response
    raise exception_class(message, screen, stacktrace)
selenium.common.exceptions.NoSuchElementException: Message: Unable to locate element: //*[@id="leave-table"]/tbody/tr[3]/td[3]

Traceback (most recent call last):
  File "D:\Python\lib\site-packages\parameterized\parameterized.py", line 518, in standalone_func
    return func(*(a + p.args), **p.kwargs)
  File "D:\PyProject\WoniuBoss_GUI_Test\case\ClassServiceManagement_Test\StudentLeave_Test.py", line 132, in test_CSM_edit
    ('//*[@id="leave-table"]/tbody/tr[3]/td[3]').text
  File "D:\Python\lib\site-packages\selenium-3.141.0-py3.6.egg\selenium\webdriver\remote\webdriver.py", line 394, in find_element_by_xpath
    return self.find_element(by=By.XPATH, value=xpath)
  File "D:\Python\lib\site-packages\selenium-3.141.0-py3.6.egg\selenium\webdriver\remote\webdriver.py", line 978, in find_element
    'value': value})['value']
  File "D:\Python\lib\site-packages\selenium-3.141.0-py3.6.egg\selenium\webdriver\remote\webdriver.py", line 321, in execute
    self.error_handler.check_response(response)
  File "D:\Python\lib\site-packages\selenium-3.141.0-py3.6.egg\selenium\webdriver\remote\errorhandler.py", line 242, in check_response
    raise exception_class(message, screen, stacktrace)
selenium.common.exceptions.NoSuchElementException: Message: Unable to locate element: //*[@id="leave-table"]/tbody/tr[3]/td[3]



        </pre>
    </div>
    <!--css div popup end-->

    </td>
</tr>

<tr id='ft4.4' class='none'>
    <td class='errorCase'><div class='testcase'>test_CSM_edit_1_123</div></td>
    <td colspan='5' align='center'>

    <!--css div popup start-->
    <a class="popup_link" onfocus='this.blur();' href="javascript:showTestDetail('div_ft4.4')" >
        error</a>

    <div id='div_ft4.4' class="popup_window">
        <div style='text-align: right; color:red;cursor:pointer'>
        <a onfocus='this.blur();' onclick="document.getElementById('div_ft4.4').style.display = 'none' " >
           [x]</a>
        </div>
        <pre>
        
ft4.4: Traceback (most recent call last):
  File "D:\Python\lib\site-packages\parameterized\parameterized.py", line 518, in standalone_func
    return func(*(a + p.args), **p.kwargs)
  File "D:\PyProject\WoniuBoss_GUI_Test\case\ClassServiceManagement_Test\StudentLeave_Test.py", line 132, in test_CSM_edit
    ('//*[@id="leave-table"]/tbody/tr[3]/td[3]').text
  File "D:\Python\lib\site-packages\selenium-3.141.0-py3.6.egg\selenium\webdriver\remote\webdriver.py", line 394, in find_element_by_xpath
    return self.find_element(by=By.XPATH, value=xpath)
  File "D:\Python\lib\site-packages\selenium-3.141.0-py3.6.egg\selenium\webdriver\remote\webdriver.py", line 978, in find_element
    'value': value})['value']
  File "D:\Python\lib\site-packages\selenium-3.141.0-py3.6.egg\selenium\webdriver\remote\webdriver.py", line 321, in execute
    self.error_handler.check_response(response)
  File "D:\Python\lib\site-packages\selenium-3.141.0-py3.6.egg\selenium\webdriver\remote\errorhandler.py", line 242, in check_response
    raise exception_class(message, screen, stacktrace)
selenium.common.exceptions.NoSuchElementException: Message: Unable to locate element: //*[@id="leave-table"]/tbody/tr[3]/td[3]

Traceback (most recent call last):
  File "D:\Python\lib\site-packages\parameterized\parameterized.py", line 518, in standalone_func
    return func(*(a + p.args), **p.kwargs)
  File "D:\PyProject\WoniuBoss_GUI_Test\case\ClassServiceManagement_Test\StudentLeave_Test.py", line 132, in test_CSM_edit
    ('//*[@id="leave-table"]/tbody/tr[3]/td[3]').text
  File "D:\Python\lib\site-packages\selenium-3.141.0-py3.6.egg\selenium\webdriver\remote\webdriver.py", line 394, in find_element_by_xpath
    return self.find_element(by=By.XPATH, value=xpath)
  File "D:\Python\lib\site-packages\selenium-3.141.0-py3.6.egg\selenium\webdriver\remote\webdriver.py", line 978, in find_element
    'value': value})['value']
  File "D:\Python\lib\site-packages\selenium-3.141.0-py3.6.egg\selenium\webdriver\remote\webdriver.py", line 321, in execute
    self.error_handler.check_response(response)
  File "D:\Python\lib\site-packages\selenium-3.141.0-py3.6.egg\selenium\webdriver\remote\errorhandler.py", line 242, in check_response
    raise exception_class(message, screen, stacktrace)
selenium.common.exceptions.NoSuchElementException: Message: Unable to locate element: //*[@id="leave-table"]/tbody/tr[3]/td[3]



        </pre>
    </div>
    <!--css div popup end-->

    </td>
</tr>

<tr id='pt4.5' class='hiddenRow'>
    <td class='none'><div class='testcase'>test_CSM_query_0__</div></td>
    <td colspan='5' align='center'>pass</td>
</tr>

<tr id='pt4.6' class='hiddenRow'>
    <td class='none'><div class='testcase'>test_CSM_query_1__</div></td>
    <td colspan='5' align='center'>pass</td>
</tr>

<tr id='pt4.7' class='hiddenRow'>
    <td class='none'><div class='testcase'>test_CSM_query_tow_0__</div></td>
    <td colspan='5' align='center'>pass</td>
</tr>

<tr id='pt4.8' class='hiddenRow'>
    <td class='none'><div class='testcase'>test_CSM_query_tow_1__</div></td>
    <td colspan='5' align='center'>pass</td>
</tr>

<tr id='pt4.9' class='hiddenRow'>
    <td class='none'><div class='testcase'>test_click_delete_leave</div></td>
    <td colspan='5' align='center'>pass</td>
</tr>

<tr class='errorClass'>
    <td>WoniuBoss_GUI_Test.case.ClassServiceManagement_Test.StudentTurnClass_Test.STC_Test</td>
    <td>3</td>
    <td>1</td>
    <td>0</td>
    <td>2</td>
    <td><a href="javascript:showClassDetail('c5',3)">Detail</a></td>
</tr>

<tr id='pt5.1' class='hiddenRow'>
    <td class='none'><div class='testcase'>test_SSI_query_0__</div></td>
    <td colspan='5' align='center'>pass</td>
</tr>

<tr id='ft5.2' class='none'>
    <td class='errorCase'><div class='testcase'>test_SSI_query_tow_0__</div></td>
    <td colspan='5' align='center'>

    <!--css div popup start-->
    <a class="popup_link" onfocus='this.blur();' href="javascript:showTestDetail('div_ft5.2')" >
        error</a>

    <div id='div_ft5.2' class="popup_window">
        <div style='text-align: right; color:red;cursor:pointer'>
        <a onfocus='this.blur();' onclick="document.getElementById('div_ft5.2').style.display = 'none' " >
           [x]</a>
        </div>
        <pre>
        
ft5.2: Traceback (most recent call last):
  File "D:\PyProject\WoniuBoss_GUI_Test\case\ClassServiceManagement_Test\StudentTurnClass_Test.py", line 45, in setUp
    Service.open_module_connect_zz(cls.driver, info)
  File "D:\PyProject\WoniuBoss_GUI_Test\tools\service.py", line 151, in open_module_connect_zz
    L_Action(driver).click_decode()
  File "D:\PyProject\WoniuBoss_GUI_Test\lib\Login\Login_Action.py", line 44, in click_decode
    self.driver.find_element_by_id('btn-decrypt').click()
  File "D:\Python\lib\site-packages\selenium-3.141.0-py3.6.egg\selenium\webdriver\remote\webdriver.py", line 360, in find_element_by_id
    return self.find_element(by=By.ID, value=id_)
  File "D:\Python\lib\site-packages\selenium-3.141.0-py3.6.egg\selenium\webdriver\remote\webdriver.py", line 978, in find_element
    'value': value})['value']
  File "D:\Python\lib\site-packages\selenium-3.141.0-py3.6.egg\selenium\webdriver\remote\webdriver.py", line 321, in execute
    self.error_handler.check_response(response)
  File "D:\Python\lib\site-packages\selenium-3.141.0-py3.6.egg\selenium\webdriver\remote\errorhandler.py", line 242, in check_response
    raise exception_class(message, screen, stacktrace)
selenium.common.exceptions.WebDriverException: Message: Failed to decode response from marionette

Traceback (most recent call last):
  File "D:\PyProject\WoniuBoss_GUI_Test\case\ClassServiceManagement_Test\StudentTurnClass_Test.py", line 45, in setUp
    Service.open_module_connect_zz(cls.driver, info)
  File "D:\PyProject\WoniuBoss_GUI_Test\tools\service.py", line 151, in open_module_connect_zz
    L_Action(driver).click_decode()
  File "D:\PyProject\WoniuBoss_GUI_Test\lib\Login\Login_Action.py", line 44, in click_decode
    self.driver.find_element_by_id('btn-decrypt').click()
  File "D:\Python\lib\site-packages\selenium-3.141.0-py3.6.egg\selenium\webdriver\remote\webdriver.py", line 360, in find_element_by_id
    return self.find_element(by=By.ID, value=id_)
  File "D:\Python\lib\site-packages\selenium-3.141.0-py3.6.egg\selenium\webdriver\remote\webdriver.py", line 978, in find_element
    'value': value})['value']
  File "D:\Python\lib\site-packages\selenium-3.141.0-py3.6.egg\selenium\webdriver\remote\webdriver.py", line 321, in execute
    self.error_handler.check_response(response)
  File "D:\Python\lib\site-packages\selenium-3.141.0-py3.6.egg\selenium\webdriver\remote\errorhandler.py", line 242, in check_response
    raise exception_class(message, screen, stacktrace)
selenium.common.exceptions.WebDriverException: Message: Failed to decode response from marionette



        </pre>
    </div>
    <!--css div popup end-->

    </td>
</tr>

<tr id='ft5.3' class='none'>
    <td class='errorCase'><div class='testcase'>test_STC_turnclass_0__</div></td>
    <td colspan='5' align='center'>

    <!--css div popup start-->
    <a class="popup_link" onfocus='this.blur();' href="javascript:showTestDetail('div_ft5.3')" >
        error</a>

    <div id='div_ft5.3' class="popup_window">
        <div style='text-align: right; color:red;cursor:pointer'>
        <a onfocus='this.blur();' onclick="document.getElementById('div_ft5.3').style.display = 'none' " >
           [x]</a>
        </div>
        <pre>
        
ft5.3: Traceback (most recent call last):
  File "D:\PyProject\WoniuBoss_GUI_Test\case\ClassServiceManagement_Test\StudentTurnClass_Test.py", line 41, in setUp
    cls.driver = Service.get_driver()
  File "D:\PyProject\WoniuBoss_GUI_Test\tools\service.py", line 27, in get_driver
    driver = getattr(webdriver, contents['BROWSER'])()
  File "D:\Python\lib\site-packages\selenium-3.141.0-py3.6.egg\selenium\webdriver\firefox\webdriver.py", line 174, in __init__
    keep_alive=True)
  File "D:\Python\lib\site-packages\selenium-3.141.0-py3.6.egg\selenium\webdriver\remote\webdriver.py", line 157, in __init__
    self.start_session(capabilities, browser_profile)
  File "D:\Python\lib\site-packages\selenium-3.141.0-py3.6.egg\selenium\webdriver\remote\webdriver.py", line 252, in start_session
    response = self.execute(Command.NEW_SESSION, parameters)
  File "D:\Python\lib\site-packages\selenium-3.141.0-py3.6.egg\selenium\webdriver\remote\webdriver.py", line 321, in execute
    self.error_handler.check_response(response)
  File "D:\Python\lib\site-packages\selenium-3.141.0-py3.6.egg\selenium\webdriver\remote\errorhandler.py", line 242, in check_response
    raise exception_class(message, screen, stacktrace)
selenium.common.exceptions.WebDriverException: Message: permission denied

Traceback (most recent call last):
  File "D:\PyProject\WoniuBoss_GUI_Test\case\ClassServiceManagement_Test\StudentTurnClass_Test.py", line 41, in setUp
    cls.driver = Service.get_driver()
  File "D:\PyProject\WoniuBoss_GUI_Test\tools\service.py", line 27, in get_driver
    driver = getattr(webdriver, contents['BROWSER'])()
  File "D:\Python\lib\site-packages\selenium-3.141.0-py3.6.egg\selenium\webdriver\firefox\webdriver.py", line 174, in __init__
    keep_alive=True)
  File "D:\Python\lib\site-packages\selenium-3.141.0-py3.6.egg\selenium\webdriver\remote\webdriver.py", line 157, in __init__
    self.start_session(capabilities, browser_profile)
  File "D:\Python\lib\site-packages\selenium-3.141.0-py3.6.egg\selenium\webdriver\remote\webdriver.py", line 252, in start_session
    response = self.execute(Command.NEW_SESSION, parameters)
  File "D:\Python\lib\site-packages\selenium-3.141.0-py3.6.egg\selenium\webdriver\remote\webdriver.py", line 321, in execute
    self.error_handler.check_response(response)
  File "D:\Python\lib\site-packages\selenium-3.141.0-py3.6.egg\selenium\webdriver\remote\errorhandler.py", line 242, in check_response
    raise exception_class(message, screen, stacktrace)
selenium.common.exceptions.WebDriverException: Message: permission denied



        </pre>
    </div>
    <!--css div popup end-->

    </td>
</tr>

<tr class='errorClass'>
    <td>unittest.suite._ErrorHolder</td>
    <td>1</td>
    <td>0</td>
    <td>0</td>
    <td>1</td>
    <td><a href="javascript:showClassDetail('c6',1)">Detail</a></td>
</tr>

<tr id='ft6.1' class='none'>
    <td class='errorCase'><div class='testcase'>STC_Test)</div></td>
    <td colspan='5' align='center'>

    <!--css div popup start-->
    <a class="popup_link" onfocus='this.blur();' href="javascript:showTestDetail('div_ft6.1')" >
        error</a>

    <div id='div_ft6.1' class="popup_window">
        <div style='text-align: right; color:red;cursor:pointer'>
        <a onfocus='this.blur();' onclick="document.getElementById('div_ft6.1').style.display = 'none' " >
           [x]</a>
        </div>
        <pre>
        
ft6.1: Traceback (most recent call last):
  File "D:\PyProject\WoniuBoss_GUI_Test\case\ClassServiceManagement_Test\StudentTurnClass_Test.py", line 37, in tearDownClass
    cls.driver = Service.get_driver()
  File "D:\PyProject\WoniuBoss_GUI_Test\tools\service.py", line 27, in get_driver
    driver = getattr(webdriver, contents['BROWSER'])()
  File "D:\Python\lib\site-packages\selenium-3.141.0-py3.6.egg\selenium\webdriver\firefox\webdriver.py", line 174, in __init__
    keep_alive=True)
  File "D:\Python\lib\site-packages\selenium-3.141.0-py3.6.egg\selenium\webdriver\remote\webdriver.py", line 157, in __init__
    self.start_session(capabilities, browser_profile)
  File "D:\Python\lib\site-packages\selenium-3.141.0-py3.6.egg\selenium\webdriver\remote\webdriver.py", line 252, in start_session
    response = self.execute(Command.NEW_SESSION, parameters)
  File "D:\Python\lib\site-packages\selenium-3.141.0-py3.6.egg\selenium\webdriver\remote\webdriver.py", line 321, in execute
    self.error_handler.check_response(response)
  File "D:\Python\lib\site-packages\selenium-3.141.0-py3.6.egg\selenium\webdriver\remote\errorhandler.py", line 242, in check_response
    raise exception_class(message, screen, stacktrace)
selenium.common.exceptions.WebDriverException: Message: permission denied

Traceback (most recent call last):
  File "D:\PyProject\WoniuBoss_GUI_Test\case\ClassServiceManagement_Test\StudentTurnClass_Test.py", line 37, in tearDownClass
    cls.driver = Service.get_driver()
  File "D:\PyProject\WoniuBoss_GUI_Test\tools\service.py", line 27, in get_driver
    driver = getattr(webdriver, contents['BROWSER'])()
  File "D:\Python\lib\site-packages\selenium-3.141.0-py3.6.egg\selenium\webdriver\firefox\webdriver.py", line 174, in __init__
    keep_alive=True)
  File "D:\Python\lib\site-packages\selenium-3.141.0-py3.6.egg\selenium\webdriver\remote\webdriver.py", line 157, in __init__
    self.start_session(capabilities, browser_profile)
  File "D:\Python\lib\site-packages\selenium-3.141.0-py3.6.egg\selenium\webdriver\remote\webdriver.py", line 252, in start_session
    response = self.execute(Command.NEW_SESSION, parameters)
  File "D:\Python\lib\site-packages\selenium-3.141.0-py3.6.egg\selenium\webdriver\remote\webdriver.py", line 321, in execute
    self.error_handler.check_response(response)
  File "D:\Python\lib\site-packages\selenium-3.141.0-py3.6.egg\selenium\webdriver\remote\errorhandler.py", line 242, in check_response
    raise exception_class(message, screen, stacktrace)
selenium.common.exceptions.WebDriverException: Message: permission denied



        </pre>
    </div>
    <!--css div popup end-->

    </td>
</tr>

<tr id='total_row'>
    <td>Total</td>
    <td>28</td>
    <td>21</td>
    <td>1</td>
    <td>6</td>
    <td>&nbsp;</td>
</tr>
</table>

<div id='ending'>&nbsp;</div>

</body>
</html>
